qnYG54e5Tqd3jEI9ipyp9QuCt5QBY2eUjCoXscJHPgJsVW3J2sTxVRiz3o+JPxqd8gbTfL4Of1KjkhKie6gioMfLzUulg4s1tRslvzt5qRA=
z8b2sSOn8u7rqE5jmzzVcIV90rCuxreYjtmx2bl0UraF3TI9F4/QcoWCJeNJL+7lJ+msT9c81NKOQLihuZEAZELEzYJut6Lz+rVW7ltj3PMxMZgjDzRJdKcLbFyYbOxIvCNh5FUssLSyNLe7CU/lHXITQaScHOKVC+NYmGi/u+DedObidWirvDJciONZarVICLRsSjliZ03jJheflVxohB0G05xQNA6pe6xp5qsOYsYj5Ot1LzddTx2v60H9RxUbI/WphA==
nb59T4ypaaVqSgpZ8XLB3oV90rCuxreYjtmx2bl0UraF3TI9F4/QcoWCJeNJL+7lJ+msT9c81NKOQLihuZEAZELEzYJut6Lz+rVW7ltj3PMxMZgjDzRJdKcLbFyYbOxIvCNh5FUssLSyNLe7CU/lHXITQaScHOKVC+NYmGi/u+DedObidWirvDJciONZarVICLRsSjliZ03jJheflVxohB0G05xQNA6pe6xp5qsOYsYj5Ol1LzddTx2v60H9RxUbI/WphA==
YWkTOZY7W600KgwHqzojlBHwceNAc3KpuDEXxJ2rN7XGfkhz0iuOF6vpST6fdbffxRWPee4zBPPc79AZkiV2qQE=
bubRFg5lEzOaxeIqLThDMpGTh++VDSi/sMAj8jWL5MeZTjpAn2hSFgF908jXnZ2iZyxLNejNFmG5gGnDCOPK6aABXyQl+9+1rq7wExobltcTeYEeh4UfUi0ll5mmo/yzxB+YuWp1Xqkp
dFX2P3r5rSCC/WaKnwcW+pyzTw1KpHa8NZdfPKyFLM6+mdZMJwQ87vO+ipIeRCnpyy1xpKqO52G9GRFlQwDo1E201QNUR4eDlRVfhusu4ibjROLQ79Ddb13P66E9Z5V7Y1WpJA==
jWgsKbMOBuKe0LiH5CiDgDHe5PvT8cM9bd3TNrhiRmGEUl4WDWXH+KO1gUJbRB/lHPVaIXV43ZNcSzZJPGnr1LFjUzUiNmRjrvMKd2/RVc4z/VOS4R3jyXJLwNPYN2yJfm1SqSU=
5YML8EfhPUygvCCgaOBHPSy9lQathGIWMZ3jiGd9LSL3zJt1uC0GYamguYNYQ1pp0KGvZFXbL7XejgDTartmV4PZUd7XpQ9SPUVHWfbDbDN0fyh5WhVuqRk=
fTLIKgGSPea5mKXP5z4hoskSiGRQhmA3s5FmFjWV/5iLRUkCE5S3hYRlwqHt6EUzNJv+CXRZA/TJU6s1WgacQ8bDwrcngb1uq23LEnmNeynaGwgTkEdEaUYdaqkd
0khx8G5hVshRjuUZj8GF6+Ahp0FhtEEthJFmFjWV/5iLRUkCE5S3hYRlwqHt6EUzNJv+CXRZA/TJU6s1WgacQ8bDwrcngb1uq23LEnmNeynaGwgTkEdEaUYdaqkd
WUPZfNtjfwwvP+AvlI+yzvrAoBn2jzM/4JazGXkAHcm/smU4IR0iiWTBSwTja+I3iLmCFVUsDx/t9RxKWpuQjzSHUa1rNo2B7XJfYV0xzDd+I2ZLUnFAEWypGw==
5VQE+csToVBjj1YH47URj4V90rCuxreYjtmx2bl0UraF3TI9F4/QcoWCJeNJL+7lJ+msT9c81NKOQLihuZEAZELEzYJut6Lz+rVW7ltj3PMxMZgjDzRJdKcLbFyYbOxIvCNh5FUssLSyNLe7CU/lHXITQaScHOKVC+NYmGi/u+DedObidWirvDJciONZarVICLRsSjliZ03jJheflVxohB0G05xQNA6pe6xp5qsOYsYj5OtxLzBdTx2v60H9RxUbI/WphA==
2O4aNeq6RARRGYthFUMoO3YOxsUGnZyITPMdtLiQaMkMKVZQf+aK3WDV+GnriDso6sdnpKXdiC1a2QbYY3Od/ByZGCLzi6Eh15ZHzceSCqhjKske3p9pFEfBiy5glx0iPzNb1KM/NbRGphZJpuKrGKu2zn7okj39UKu4Li/7W+7BEyE15YWfUZ4q3ZrDqhugAl6aB9JUrvchOd4ML9dlK7aM0HhWh3xH7az2RiCnlsmrK2h3BeqKxsLRhFkBupol6wLTk43kmPzz4cswCvBsi2xxt/ncvgMRGcAgcxp46Rp/k3OKYwJvbiltfezL0uhNA4SZgD83DBiw4BycBD/hwJ3AoADqSBe/4YPViQpPgUAUMLLhE1+4XMCzy7Tm6OZGPQQ7iOqgqGcxJgVc8GgsLjHOt7l7GnfbvdCYUKUaU7iY2B4dI9DJ4kPCUlJbuCqWpxwNOwUTC4VVS2VPG2mpIA==
DeqBqIYpwmxgDPbw1eH69GLvHoepVprwBz3FZYB79qxaat3VCT/DIzOavGDEb63q7Ldz+2JdBvSHaiqpKAkIbfPke/wCe/fAHRFoGVLFNhy73x1otGXIBouHgdUfyjdJX37K/AsW2frm0wmgz107aji7HTYXTwtwW7OVwA565k2+juvMQwpeGlBe3clYt4jq91fbemnv8RGdib+lVnatHltG2/RqYorj6hjOQ6mlbkh3+2U/nvCA3K4L3DOlcAZCOMvWHUOX+BO9Jmryys20ndkWGrFD/gO39ei4CDu9u7SSHKzfBE2nHeTyY6WRXJA3QlTpDlfvIy6bjs8aYbGN6NO+qJnrOAnkh/vsLLj8LFjck2FUNTxwJJJEN0sp36UNkqNBFHwMogUrE9joSC978L7E5lIVeGssEiwIE3n69VjoBGz62XIn3cPWl++1zKiUfbbTLDAkzjlb3OkWi54i1sNU6sLPIB3fPV9rMd3X1QtDRak0
QXfTJI9J2Nya87gqUpRHIMMDkTsSgpRxka52SdhlRJjmMgrKYBqfrbPSBr50nM4BJUubHH4bGydYAKbUSJJP+e49n7pwtE1BfhlaaVeDio1f2vs18xVBvLqBPynwfxkaqh0hOTpX27EqLa9YxzKujI+b653P8oEq13U2nvrs+fWmO00nuk2aFzDn6mCrWR1JJ4szlMcGmHCxBpyPyGp7lSqlaPBFHDcEUqQcs40SYUqKZvrdEpRIB++CzczAkE4bp7rGzWv/fL+RoAfNoI/3wL08WLoo6yY+G2u693FUxODFaZn5Gv8F8Zf39beM2YthP1g+tX0l/33yxFP+McjLXuIB4/vpTC+Yfe+En4LRjgBCkVMCKa7+MTqQt+7C/0PclaaF+013Rzj18Lzvh2H7GsVcncd3ywb5n/9QM0EMxz+H89s+MbJykSVxmf0DlhURdfrF8cXRZGc24647epF4YVSpIw==
nC16K4errVO/LMMGj1QkLX+XUVW+mG9UzoMTbq2rH8sJcpsA7mBWWuwD3f7Uq3P/alEWgJ9WCk3AJTg5i7g7OMq3J3RFbQi9+inGiANDnew86VjyEzshsXdmh52nogq4Q1qJzj4v6YTnMUt+AKcdMh9DGwRDj7Uk5lbWGcbSqwiLxo6uCCK9bfBbeH5Py1v+4WNh5QU1H8E+2h3Ko5obsCIu2tcy5C5ngckeXE/nZTuW/JCotjf8101cNhZAl5bZi1sop+VaClZiIUQJYYqaNctyk0NtVBhsUxELYGrAbJtMAfcpPA6Dgbkw4CN6SOkKX+MzWoOy7/6Jnb28q+LoXSP02VDfh4yIEBDczGQP4dC9sODQCviXL0FzFdlqf4FQNEDyMfPvOMxgQwvkhtjmVh10e1gKECj3kdbFDJBYLD4Rvvdpm6r3Sx0gWADFKlOouKhezcNgSXLjMpICO4gqhodsTevlo4sV9bulH3tZqTA=
E6qVcKmhd0PkKR3jjUPH2MMDkTsSgpRwka52Sd5rWIfsLwrKYB+Vq67KBr50nM4BJUubHH4bGydYAKbUSJJP+e49n7pwtE1BfhlaaVeDio1f2vs18xVBvLqBPynwfxkaqh0hOTpX27EqLa9YxzKujI+b653P8oEq13U2nvrs+fWmO00nuk2aFzDn6mCrWR1JJ4szlMcGmHCxBpyPyGp7lSqlaPBFHDcEUqQcs40SYUqKZvrdEpRIB++CzczAkE4bp7rGzWv/fL+RoAfNoI/3wL08WLoo6yY+G2u693FUxODFaZn5Gv8F8Zf39beM2YthP1g+tX0l/33yxFP+McjLXuIB4/vpTC+Yfe+En4LRjgBCkVMCKa7+MTqQt+7C/0PclaaF+013Rzj18Lzvh2H7GsVcncd3ywb5n/9QM0EMxz+H89s+MbJykSVxmf0DlhURdf7G8cjRZGc24647epF4YVSpIw==
DP0GwZl64oqBU2YsX8EjwMMDkTsSgpRwka52SdhlRJjmMgrKYBqfrbPSBr50nM4BJUubHH4bGydYAKbUSJJP+e49n7pwtE1BfhlaaVeDio1f2vs18xVBvLqBPynwfxkaqh0hOTpX27EqLa9YxzKujI+b653P8oEq13U2nvrs+fWmO00nuk2aFzDn6mCrWR1JJ4szlMcGmHCxBpyPyGp7lSqlaPBFHDcEUqQcs40SYUqKZvrdEpRIB++CzczAkE4bp7rGzWv/fL+RoAfNoI/3wL08WLoo6yY+G2u693FUxODFaZn5Gv8F8Zf39beM2YthP1g+tX0l/33yxFP+McjLXuIB4/vpTC+Yfe+En4LRjgBCkVMCKa7+MTqQt+7C/0PclaaF+013Rzj18Lzvh2H7GsVcncd3ywb5n/9QM0EMxz+H89s+MbJykSVxmf0DlhURdf7G8cjRZGc24647epF4YVSpIw==
SZCSAidBU9hvf6gyKfeWJWoP+8kqNcoSo+99ZJ/TE773b6PnCRFOLfJDmLf+IsMgWocE+wBr554bwt65L3Z5e/iX3leeus+FXbZIR/AQj42xO/P4fw8LxGoCl5RBjEJ52W4DD1MMDKEdKCstcyafeWVuoghuyyp0C3IfSAYstLTNx1SloMwDjRskFU1JhxkDD8s6xGXYj3z7inZgkhXOMp4N5XeGrsNh5aEiEngK6kGsHYmCDkQssbYjn1UgpdlM+nxGXxw7rUxab7/cO6Hx4ojm14/z8samDCGYzz9rQFiza10O+FF2TukQa41beF9EP7TNwwVuR0RIJ7d6UdJjEfwitO4EfihJoQpJnsiyFs6HJUVtbctGmWFqYA668w85iKYE/ZMWCl5mzKmak/pWZng9VQj9Xvx+DMQFsP9rp7wHYTleADIJ7JPyzAb2L1/W2fhnrGqQl+5NP1OvhamZ9bv/EYW9bXdfqSo=
EIWo23rcsBhXU4drOFKCgfctNglVOD0TPI8UR9ypi1QRI7M1QvbE406zandPkbVOUz1znABdTknSCyDT+PfMCZ4tcqkF
KgUATz/1fop1LZjrDJZTMQl+bz9ce25+TeGGoEQFOva3uedQLrXOPFEuKcXx5ApvievfN0sw48mJ2Sxxv2yiBHlox3wq4LceQ09zX0X5OWU7b3FVfV0Xb6ka
